0 info it worked if it ends with ok
1 verbose cli [ 'node', '/Users/k25471/homebrew/bin/npm', 'start' ]
2 info using npm@2.12.1
3 info using node@v0.12.7
4 verbose node symlink /Users/k25471/homebrew/bin/node
5 verbose run-script [ 'prestart', 'start', 'poststart' ]
6 info prestart font-school@1.0.0
7 info start font-school@1.0.0
8 verbose unsafe-perm in lifecycle true
9 info font-school@1.0.0 Failed to exec start script
10 verbose stack Error: font-school@1.0.0 start: `rm -rf dist/ && "npm run tsc:w" && "npm run lite" `
10 verbose stack spawn ENOENT
10 verbose stack     at ChildProcess.<anonymous> (/Users/k25471/homebrew/lib/node_modules/npm/lib/utils/spawn.js:17:16)
10 verbose stack     at ChildProcess.emit (events.js:110:17)
10 verbose stack     at maybeClose (child_process.js:1015:16)
10 verbose stack     at Process.ChildProcess._handle.onexit (child_process.js:1087:5)
11 verbose pkgid font-school@1.0.0
12 verbose cwd /Users/k25471/code/font-school
13 error Darwin 14.5.0
14 error argv "node" "/Users/k25471/homebrew/bin/npm" "start"
15 error node v0.12.7
16 error npm  v2.12.1
17 error file sh
18 error code ELIFECYCLE
19 error errno ENOENT
20 error syscall spawn
21 error font-school@1.0.0 start: `rm -rf dist/ && "npm run tsc:w" && "npm run lite" `
21 error spawn ENOENT
22 error Failed at the font-school@1.0.0 start script 'rm -rf dist/ && "npm run tsc:w" && "npm run lite" '.
22 error This is most likely a problem with the font-school package,
22 error not with npm itself.
22 error Tell the author that this fails on your system:
22 error     rm -rf dist/ && "npm run tsc:w" && "npm run lite"
22 error You can get their info via:
22 error     npm owner ls font-school
22 error There is likely additional logging output above.
23 verbose exit [ 1, true ]
